
=========================================
TIMESTAMP: 2026-07-17T11:53:39.399Z
KE       : najibyusuf1989@gmail.com
SUBJEK   : Pendaftaran Berhasil: Webinar Nasional: Optimalisasi AI untuk Penyusunan Modul Ajar Kurikulum Merdeka
-----------------------------------------
Halo Najib Yusuf, selamat bergabung! 👋 
       Pendaftaran Anda untuk program  Webinar Nasional: Optimalisasi AI untuk Penyusunan Modul Ajar Kurikulum Merdeka  telah berhasil. 
       
         📅  Jadwal Pelaksanaan:  Minggu, 2 Agustus pukul 19:00 WIB 
         🔗  Tautan Penting:  Gabung grup koordinasi WhatsApp untuk mendapatkan update terkini. 
       
       
         Gabung Grup WhatsApp Sekarang 
       
       Jika tombol di atas tidak dapat diklik, salin tautan berikut ke browser Anda:      
       
       Jetschool Academy &copy; 2026. Semua hak dilindungi.
=========================================

=========================================
TIMESTAMP: 2026-07-17T11:56:44.104Z
KE       : rayyanauliamumtaz@gmail.com
SUBJEK   : Pembayaran Berhasil: Akses Pelatihan Workshop Excel: Laporan Otomatis dalam 1 Hari
-----------------------------------------
Pembayaran Dikonfirmasi! 🎉 
       Halo Rayyan, pembayaran Anda untuk program  Workshop Excel: Laporan Otomatis dalam 1 Hari  telah lunas. Akses penuh ke program Anda kini telah aktif. 
      
       
         🔗 Detail Akses Pelatihan: 
         📹  Link Zoom Live:   Gabung Zoom  
         💬  Link WhatsApp Group:   Gabung Grup  
        
         📝  Evaluasi (Post-Test):  Anda dapat mengerjakan evaluasi untuk mendapatkan sertifikat di link bawah ini. 
       

       
         Mulai Kerjakan Post-Test 
       

       
       Jetschool Academy &copy; 2026. Semua hak dilindungi.
=========================================
